{
  "stats": {
    "suites": 1,
    "tests": 6,
    "passes": 4,
    "pending": 0,
    "failures": 2,
    "start": "2023-06-17T07:10:54.378Z",
    "end": "2023-06-17T07:11:04.016Z",
    "duration": 9638,
    "testsRegistered": 6,
    "passPercent": 66.66666666666666,
    "pendingPercent": 0,
    "other": 0,
    "hasOther": false,
    "skipped": 0,
    "hasSkipped": false
  },
  "results": [
    {
      "uuid": "3f3c8e24-94d7-4504-ac06-ea1579a793a9",
      "title": "",
      "fullFile": "C:\\Users\\I527220\\Desktop\\Github\\auto-user-registration-selenium2\\runner.js",
      "file": "\\runner.js",
      "beforeHooks": [
        {
          "title": "\"before all\" hook in \"{root}\"",
          "fullTitle": "\"before all\" hook in \"{root}\"",
          "timedOut": false,
          "duration": 5,
          "state": null,
          "speed": null,
          "pass": false,
          "fail": false,
          "pending": false,
          "context": null,
          "code": "driver = new webdriver.Builder().forBrowser('chrome').build();",
          "err": {},
          "uuid": "47815616-fe6d-4ea2-90ee-a67cce1305c7",
          "parentUUID": "3f3c8e24-94d7-4504-ac06-ea1579a793a9",
          "isHook": true,
          "skipped": false
        }
      ],
      "afterHooks": [
        {
          "title": "\"after all\" hook in \"{root}\"",
          "fullTitle": "\"after all\" hook in \"{root}\"",
          "timedOut": false,
          "duration": 342,
          "state": null,
          "speed": null,
          "pass": false,
          "fail": false,
          "pending": false,
          "context": null,
          "code": "await driver.quit();",
          "err": {},
          "uuid": "758229bf-f882-40ea-898b-062242d2fad0",
          "parentUUID": "3f3c8e24-94d7-4504-ac06-ea1579a793a9",
          "isHook": true,
          "skipped": false
        }
      ],
      "tests": [],
      "suites": [
        {
          "uuid": "0e817dd7-79ef-47b3-adc0-8bc2b5d9ae9e",
          "title": "Test Successful registration",
          "fullFile": "C:\\Users\\I527220\\Desktop\\Github\\auto-user-registration-selenium2\\runner.js",
          "file": "\\runner.js",
          "beforeHooks": [],
          "afterHooks": [],
          "tests": [
            {
              "title": "Generate a valid username and add it to the user entity",
              "fullTitle": "Test Successful registration Generate a valid username and add it to the user entity",
              "timedOut": false,
              "duration": 3,
              "state": "passed",
              "speed": "fast",
              "pass": true,
              "fail": false,
              "pending": false,
              "context": null,
              "code": "var username = generateUsername();\nusername.should.have.length(10);\nuser.username = username;",
              "err": {},
              "uuid": "850d77b6-8cdc-4f62-b392-6eb03002fa37",
              "parentUUID": "0e817dd7-79ef-47b3-adc0-8bc2b5d9ae9e",
              "isHook": false,
              "skipped": false
            },
            {
              "title": "Generate a valid password and add it to the user entity",
              "fullTitle": "Test Successful registration Generate a valid password and add it to the user entity",
              "timedOut": false,
              "duration": 1,
              "state": "passed",
              "speed": "fast",
              "pass": true,
              "fail": false,
              "pending": false,
              "context": null,
              "code": "var password = generatePassword();\npassword.should.have.length(8);\nuser.password = password;",
              "err": {},
              "uuid": "80551093-65e8-4c56-bbd8-54ad74fb26f2",
              "parentUUID": "0e817dd7-79ef-47b3-adc0-8bc2b5d9ae9e",
              "isHook": false,
              "skipped": false
            },
            {
              "title": "Check if Website opened up successfully",
              "fullTitle": "Test Successful registration Check if Website opened up successfully",
              "timedOut": false,
              "duration": 7012,
              "state": "passed",
              "speed": "slow",
              "pass": true,
              "fail": false,
              "pending": false,
              "context": null,
              "code": "user.username = generateUsername();\nuser.password = generatePassword();\nawait driver.get(url);\n// check caption\nconst captionElement = await driver.findElement(\n\tBy.className('caption')\n);\nconst caption = await captionElement.getText();\nassert.equal(caption, 'Experience the difference');\n// check footer message\nconst footerElement = await driver.findElement(\n\tBy.className('copyright')\n);\nconst footerText = await footerElement.getText();\nassert.equal(footerText, '© Parasoft. All rights reserved.');",
              "err": {},
              "uuid": "33c3d67c-d644-4ab6-8d39-1513e5aa90c8",
              "parentUUID": "0e817dd7-79ef-47b3-adc0-8bc2b5d9ae9e",
              "isHook": false,
              "skipped": false
            },
            {
              "title": "Check if successfully redirected to registration page",
              "fullTitle": "Test Successful registration Check if successfully redirected to registration page",
              "timedOut": false,
              "duration": 783,
              "state": "passed",
              "speed": "slow",
              "pass": true,
              "fail": false,
              "pending": false,
              "context": null,
              "code": "await driver\n\t.findElement(\n\t\tBy.xpath('/html/body/div[1]/div[3]/div[1]/div/p[2]/a')\n\t)\n\t.click();\nconst titleElement = await driver.findElement(\n\tBy.className('title')\n);\nconst title = await titleElement.getText();\nassert.equal(title, 'Signing up is easy!');",
              "err": {},
              "uuid": "9b04411e-a887-4393-bc0a-9e5c96af25fe",
              "parentUUID": "0e817dd7-79ef-47b3-adc0-8bc2b5d9ae9e",
              "isHook": false,
              "skipped": false
            },
            {
              "title": "Check if user details are successfully filled",
              "fullTitle": "Test Successful registration Check if user details are successfully filled",
              "timedOut": false,
              "duration": 882,
              "state": "failed",
              "speed": null,
              "pass": false,
              "fail": true,
              "pending": false,
              "context": null,
              "code": "// check first name\nawait fillRegistrationDetails(driver, user);\nconst fnameElement = await driver.findElement(\n\tBy.id('customer.firstName')\n);\nconst fname = await fnameElement.getAttribute('value');\nassert.equal(fname, 'Test');\n// check city\nconst cityElement = await driver.findElement(\n\tBy.id('customer.address.city')\n);\nconst city = await cityElement.getAttribute('value');\nassert.equal(city, 'Bangalore');\n// check ssn number\nconst ssnElement = await driver.findElement(By.id('customer.ssn'));\nconst ssn = await ssnElement.getAttribute('value');\nassert.equal(ssn, '269');",
              "err": {
                "message": "AssertionError: '' == 'Test'",
                "estack": "AssertionError [ERR_ASSERTION]: '' == 'Test'\n    at Context.<anonymous> (registration.js:68:11)\n    at process.processTicksAndRejections (node:internal/process/task_queues:95:5)",
                "diff": "+ Test\n"
              },
              "uuid": "bc3bec27-8b3d-485a-94a5-b451519ff7a7",
              "parentUUID": "0e817dd7-79ef-47b3-adc0-8bc2b5d9ae9e",
              "isHook": false,
              "skipped": false
            },
            {
              "title": "Check successful registration or not",
              "fullTitle": "Test Successful registration Check successful registration or not",
              "timedOut": false,
              "duration": 486,
              "state": "failed",
              "speed": null,
              "pass": false,
              "fail": true,
              "pending": false,
              "context": null,
              "code": "await driver\n\t.findElement(\n\t\tBy.xpath(\n\t\t\t'/html/body/div[1]/div[3]/div[2]/form/table/tbody/tr[13]/td[2]/input'\n\t\t)\n\t)\n\t.click();\nconst titleElement = await driver.findElement(By.css('h1.title'));\nconst title = await titleElement.getText();\nassert.equal(title, `Welcome ${user.username}`);\nconst loginMsg = await driver.findElement(\n\tBy.xpath('/html/body/div[1]/div[3]/div[2]/p')\n);\nconst loginDisplayed = await loginMsg.isDisplayed();\nassert.equal(\n\tloginDisplayed,\n\ttrue,\n\t'Login message does not exist on the page'\n);",
              "err": {
                "message": "AssertionError: 'Signing up is easy!' == 'Welcome 5Ts$x28334'",
                "estack": "AssertionError [ERR_ASSERTION]: 'Signing up is easy!' == 'Welcome 5Ts$x28334'\n    at Context.<anonymous> (registration.js:90:11)\n    at process.processTicksAndRejections (node:internal/process/task_queues:95:5)",
                "diff": "- Signing up is easy!\n+ Welcome 5Ts$x28334\n"
              },
              "uuid": "afb24ae5-0032-46c3-a666-8fd98eb2a1d5",
              "parentUUID": "0e817dd7-79ef-47b3-adc0-8bc2b5d9ae9e",
              "isHook": false,
              "skipped": false
            }
          ],
          "suites": [],
          "passes": [
            "850d77b6-8cdc-4f62-b392-6eb03002fa37",
            "80551093-65e8-4c56-bbd8-54ad74fb26f2",
            "33c3d67c-d644-4ab6-8d39-1513e5aa90c8",
            "9b04411e-a887-4393-bc0a-9e5c96af25fe"
          ],
          "failures": [
            "bc3bec27-8b3d-485a-94a5-b451519ff7a7",
            "afb24ae5-0032-46c3-a666-8fd98eb2a1d5"
          ],
          "pending": [],
          "skipped": [],
          "duration": 9167,
          "root": false,
          "rootEmpty": false,
          "_timeout": 0
        }
      ],
      "passes": [],
      "failures": [],
      "pending": [],
      "skipped": [],
      "duration": 0,
      "root": true,
      "rootEmpty": true,
      "_timeout": 0
    }
  ],
  "meta": {
    "mocha": {
      "version": "10.2.0"
    },
    "mochawesome": {
      "options": {
        "quiet": false,
        "reportFilename": "mochawesome",
        "saveHtml": true,
        "saveJson": true,
        "consoleReporter": "spec",
        "useInlineDiffs": false,
        "code": true
      },
      "version": "7.1.3"
    },
    "marge": {
      "options": {
        "reportDir": "C:\\Users\\I527220\\Desktop\\Github\\auto-user-registration-selenium2\\test-reports"
      },
      "version": "6.2.0"
    }
  }
}