{
  "stats": {
    "suites": 1,
    "tests": 6,
    "passes": 6,
    "pending": 0,
    "failures": 0,
    "start": "2023-06-17T05:24:03.625Z",
    "end": "2023-06-17T05:24:17.265Z",
    "duration": 13640,
    "testsRegistered": 6,
    "passPercent": 100,
    "pendingPercent": 0,
    "other": 0,
    "hasOther": false,
    "skipped": 0,
    "hasSkipped": false
  },
  "results": [
    {
      "uuid": "19a950e5-7d04-4d22-9c95-d249cde0629e",
      "title": "",
      "fullFile": "C:\\Users\\I527220\\Desktop\\Github\\auto-user-registration-selenium2\\runner.js",
      "file": "\\runner.js",
      "beforeHooks": [
        {
          "title": "\"before all\" hook in \"{root}\"",
          "fullTitle": "\"before all\" hook in \"{root}\"",
          "timedOut": false,
          "duration": 5,
          "state": null,
          "speed": null,
          "pass": false,
          "fail": false,
          "pending": false,
          "context": null,
          "code": "driver = new webdriver.Builder().forBrowser('chrome').build();",
          "err": {},
          "uuid": "c0bddf41-2d6e-499d-92c5-f62b6f15dd72",
          "parentUUID": "19a950e5-7d04-4d22-9c95-d249cde0629e",
          "isHook": true,
          "skipped": false
        }
      ],
      "afterHooks": [
        {
          "title": "\"after all\" hook in \"{root}\"",
          "fullTitle": "\"after all\" hook in \"{root}\"",
          "timedOut": false,
          "duration": 307,
          "state": null,
          "speed": null,
          "pass": false,
          "fail": false,
          "pending": false,
          "context": null,
          "code": "await driver.quit();",
          "err": {},
          "uuid": "44e3df61-6499-4408-b594-c9d5fd7358a5",
          "parentUUID": "19a950e5-7d04-4d22-9c95-d249cde0629e",
          "isHook": true,
          "skipped": false
        }
      ],
      "tests": [],
      "suites": [
        {
          "uuid": "e28d801b-161a-48cd-bbfa-af1edceba266",
          "title": "Test Successful registration",
          "fullFile": "C:\\Users\\I527220\\Desktop\\Github\\auto-user-registration-selenium2\\runner.js",
          "file": "\\runner.js",
          "beforeHooks": [],
          "afterHooks": [],
          "tests": [
            {
              "title": "Generate a valid username and add it to the user entity",
              "fullTitle": "Test Successful registration Generate a valid username and add it to the user entity",
              "timedOut": false,
              "duration": 2,
              "state": "passed",
              "speed": "fast",
              "pass": true,
              "fail": false,
              "pending": false,
              "context": null,
              "code": "var username = generateUsername();\nusername.should.have.length(10);\nuser.username = username;",
              "err": {},
              "uuid": "f3e47fa8-dc4d-44ac-921b-308d407259f4",
              "parentUUID": "e28d801b-161a-48cd-bbfa-af1edceba266",
              "isHook": false,
              "skipped": false
            },
            {
              "title": "Generate a valid password and add it to the user entity",
              "fullTitle": "Test Successful registration Generate a valid password and add it to the user entity",
              "timedOut": false,
              "duration": 0,
              "state": "passed",
              "speed": "fast",
              "pass": true,
              "fail": false,
              "pending": false,
              "context": null,
              "code": "var password = generatePassword();\npassword.should.have.length(8);\nuser.password = password;",
              "err": {},
              "uuid": "d79a618c-53c9-4a5f-91ff-93dd0b1865da",
              "parentUUID": "e28d801b-161a-48cd-bbfa-af1edceba266",
              "isHook": false,
              "skipped": false
            },
            {
              "title": "Check if Website opened up successfully",
              "fullTitle": "Test Successful registration Check if Website opened up successfully",
              "timedOut": false,
              "duration": 7661,
              "state": "passed",
              "speed": "slow",
              "pass": true,
              "fail": false,
              "pending": false,
              "context": null,
              "code": "user.username = generateUsername();\nuser.password = generatePassword();\nawait driver.get(url);\n// check caption\nconst captionElement = await driver.findElement(\n\tBy.className('caption')\n);\nconst caption = await captionElement.getText();\nassert.equal(caption, 'Experience the difference');\n// check footer message\nconst footerElement = await driver.findElement(\n\tBy.className('copyright')\n);\nconst footerText = await footerElement.getText();\nassert.equal(footerText, '© Parasoft. All rights reserved.');",
              "err": {},
              "uuid": "19bdc8e3-a853-4e15-9d33-74b75071f2db",
              "parentUUID": "e28d801b-161a-48cd-bbfa-af1edceba266",
              "isHook": false,
              "skipped": false
            },
            {
              "title": "Check if successfully redirected to registration page",
              "fullTitle": "Test Successful registration Check if successfully redirected to registration page",
              "timedOut": false,
              "duration": 2796,
              "state": "passed",
              "speed": "slow",
              "pass": true,
              "fail": false,
              "pending": false,
              "context": null,
              "code": "await driver\n\t.findElement(\n\t\tBy.xpath('/html/body/div[1]/div[3]/div[1]/div/p[2]/a')\n\t)\n\t.click();\nconst titleElement = await driver.findElement(\n\tBy.className('title')\n);\nconst title = await titleElement.getText();\nassert.equal(title, 'Signing up is easy!');",
              "err": {},
              "uuid": "f288cc56-dbbd-4e10-8e35-c996cdc10451",
              "parentUUID": "e28d801b-161a-48cd-bbfa-af1edceba266",
              "isHook": false,
              "skipped": false
            },
            {
              "title": "Check if user details are successfully filled",
              "fullTitle": "Test Successful registration Check if user details are successfully filled",
              "timedOut": false,
              "duration": 1082,
              "state": "passed",
              "speed": "slow",
              "pass": true,
              "fail": false,
              "pending": false,
              "context": null,
              "code": "// check first name\nawait fillRegistrationDetails(driver, user);\nconst fnameElement = await driver.findElement(\n\tBy.id('customer.firstName')\n);\nconst fname = await fnameElement.getAttribute('value');\nassert.equal(fname, 'Test');\n// check city\nconst cityElement = await driver.findElement(\n\tBy.id('customer.address.city')\n);\nconst city = await cityElement.getAttribute('value');\nassert.equal(city, 'Bangalore');\n// check ssn number\nconst ssnElement = await driver.findElement(By.id('customer.ssn'));\nconst ssn = await ssnElement.getAttribute('value');\nassert.equal(ssn, '269');",
              "err": {},
              "uuid": "b4162063-367b-4897-bf45-cd8ebe9b8482",
              "parentUUID": "e28d801b-161a-48cd-bbfa-af1edceba266",
              "isHook": false,
              "skipped": false
            },
            {
              "title": "Check successful registration or not",
              "fullTitle": "Test Successful registration Check successful registration or not",
              "timedOut": false,
              "duration": 1705,
              "state": "passed",
              "speed": "slow",
              "pass": true,
              "fail": false,
              "pending": false,
              "context": null,
              "code": "await driver\n\t.findElement(\n\t\tBy.xpath(\n\t\t\t'/html/body/div[1]/div[3]/div[2]/form/table/tbody/tr[13]/td[2]/input'\n\t\t)\n\t)\n\t.click();\nconst titleElement = await driver.findElement(By.css('h1.title'));\nconst title = await titleElement.getText();\nassert.equal(title, `Welcome ${user.username}`);\nconst loginMsg = await driver.findElement(\n\tBy.xpath('/html/body/div[1]/div[3]/div[2]/p')\n);\nconst loginDisplayed = await loginMsg.isDisplayed();\nassert.equal(\n\tloginDisplayed,\n\ttrue,\n\t'Login message does not exist on the page'\n);",
              "err": {},
              "uuid": "042c419e-83e9-4b8e-8bc0-517d158cf15d",
              "parentUUID": "e28d801b-161a-48cd-bbfa-af1edceba266",
              "isHook": false,
              "skipped": false
            }
          ],
          "suites": [],
          "passes": [
            "f3e47fa8-dc4d-44ac-921b-308d407259f4",
            "d79a618c-53c9-4a5f-91ff-93dd0b1865da",
            "19bdc8e3-a853-4e15-9d33-74b75071f2db",
            "f288cc56-dbbd-4e10-8e35-c996cdc10451",
            "b4162063-367b-4897-bf45-cd8ebe9b8482",
            "042c419e-83e9-4b8e-8bc0-517d158cf15d"
          ],
          "failures": [],
          "pending": [],
          "skipped": [],
          "duration": 13246,
          "root": false,
          "rootEmpty": false,
          "_timeout": 0
        }
      ],
      "passes": [],
      "failures": [],
      "pending": [],
      "skipped": [],
      "duration": 0,
      "root": true,
      "rootEmpty": true,
      "_timeout": 0
    }
  ],
  "meta": {
    "mocha": {
      "version": "10.2.0"
    },
    "mochawesome": {
      "options": {
        "quiet": false,
        "reportFilename": "mochawesome",
        "saveHtml": true,
        "saveJson": true,
        "consoleReporter": "spec",
        "useInlineDiffs": false,
        "code": true
      },
      "version": "7.1.3"
    },
    "marge": {
      "options": {
        "reportDir": "C:\\Users\\I527220\\Desktop\\Github\\auto-user-registration-selenium2\\test-reports"
      },
      "version": "6.2.0"
    }
  }
}